[debug] [2017-11-14T16:46:53.470Z] ----------------------------------------------------------------------
[debug] [2017-11-14T16:46:53.473Z] Command:       /Users/joscelynjames/.nvm/versions/node/v7.10.0/bin/node /usr/local/bin/firebase deploy
[debug] [2017-11-14T16:46:53.473Z] CLI Version:   3.12.0
[debug] [2017-11-14T16:46:53.473Z] Platform:      darwin
[debug] [2017-11-14T16:46:53.473Z] Node Version:  v7.10.0
[debug] [2017-11-14T16:46:53.474Z] Time:          Tue Nov 14 2017 09:46:53 GMT-0700 (MST)
[debug] [2017-11-14T16:46:53.474Z] ----------------------------------------------------------------------
[debug] 
[debug] [2017-11-14T16:46:53.492Z] > command requires scopes: ["email","openid","https://www.googleapis.com/auth/cloudplatformprojects.readonly","https://www.googleapis.com/auth/firebase","https://www.googleapis.com/auth/cloud-platform"]
[debug] [2017-11-14T16:46:53.493Z] > authorizing via signed-in user
[debug] [2017-11-14T16:46:53.495Z] > refreshing access token with scopes: ["email","https://www.googleapis.com/auth/cloud-platform","https://www.googleapis.com/auth/cloudplatformprojects.readonly","https://www.googleapis.com/auth/firebase","openid"]
[debug] [2017-11-14T16:46:53.495Z] >>> HTTP REQUEST POST https://www.googleapis.com/oauth2/v3/token { refresh_token: '1/-HnI4qVVeEQL6LBx4d2XoHo3sIGMngQghP1FLR9XgxQ',
  client_id: '563584335869-fgrhgmd47bqnekij5i8b5pr03ho849e6.apps.googleusercontent.com',
  client_secret: 'j9iVZfS8kkCEFUPaAeJV0sAi',
  grant_type: 'refresh_token',
  scope: 'email https://www.googleapis.com/auth/cloud-platform https://www.googleapis.com/auth/cloudplatformprojects.readonly https://www.googleapis.com/auth/firebase openid' } 
 Tue Nov 14 2017 09:46:53 GMT-0700 (MST)
[debug] [2017-11-14T16:46:53.740Z] <<< HTTP RESPONSE 200
[debug] [2017-11-14T16:46:53.757Z] >>> HTTP REQUEST GET https://admin.firebase.com/v1/projects/joscelynjames-portfolio  
 Tue Nov 14 2017 09:46:53 GMT-0700 (MST)
